<?xml version="1.0" encoding="UTF-8"?>
<!-- Generated by org.testng.reporters.JUnitXMLReporter -->
<testsuite hostname="DESKTOP-PE7JMV1" name="BankingApp Test" tests="2" failures="1" timestamp="25 Jun 2019 20:43:56 GMT" time="72.19" errors="0">
  <testcase name="addCustomerDDT" time="27.244" classname="com.inetBanking.testCases.TC_AddCustomerDDT_001"/>
  <testcase name="addCustomerDDT" time="0.001" classname="com.inetBanking.testCases.TC_AddCustomerDDT_001">
    <failure type="java.lang.ArrayIndexOutOfBoundsException" message="1">
      <![CDATA[java.lang.ArrayIndexOutOfBoundsException: 1
	at com.inetBanking.testCases.TC_AddCustomerDDT_001.addCustomerDDT(TC_AddCustomerDDT_001.java:22)
... Removed 24 stack frames]]>
    </failure>
  </testcase> <!-- addCustomerDDT -->
</testsuite> <!-- BankingApp Test -->
